{"/home/nada/Documents/Web/TD2/course.rest/src/app.js": {"path":"/home/nada/Documents/Web/TD2/course.rest/src/app.js","statementMap":{"0":{"start":{"line":1,"column":16},"end":{"line":1,"column":34}},"1":{"start":{"line":2,"column":19},"end":{"line":2,"column":41}},"2":{"start":{"line":3,"column":20},"end":{"line":3,"column":46}},"3":{"start":{"line":7,"column":20},"end":{"line":7,"column":29}},"4":{"start":{"line":9,"column":8},"end":{"line":11,"column":12}},"5":{"start":{"line":12,"column":8},"end":{"line":12,"column":35}},"6":{"start":{"line":14,"column":29},"end":{"line":23,"column":9}},"7":{"start":{"line":15,"column":12},"end":{"line":15,"column":67}},"8":{"start":{"line":16,"column":12},"end":{"line":16,"column":61}},"9":{"start":{"line":18,"column":12},"end":{"line":18,"column":68}},"10":{"start":{"line":19,"column":12},"end":{"line":21,"column":13}},"11":{"start":{"line":20,"column":16},"end":{"line":20,"column":76}},"12":{"start":{"line":22,"column":12},"end":{"line":22,"column":19}},"13":{"start":{"line":24,"column":8},"end":{"line":24,"column":32}},"14":{"start":{"line":26,"column":8},"end":{"line":26,"column":29}},"15":{"start":{"line":28,"column":8},"end":{"line":32,"column":11}},"16":{"start":{"line":29,"column":12},"end":{"line":31,"column":15}},"17":{"start":{"line":36,"column":8},"end":{"line":41,"column":11}},"18":{"start":{"line":37,"column":12},"end":{"line":37,"column":39}},"19":{"start":{"line":38,"column":12},"end":{"line":40,"column":15}},"20":{"start":{"line":42,"column":8},"end":{"line":46,"column":11}},"21":{"start":{"line":43,"column":12},"end":{"line":45,"column":15}},"22":{"start":{"line":48,"column":8},"end":{"line":48,"column":21}},"23":{"start":{"line":52,"column":0},"end":{"line":52,"column":21}}},"fnMap":{"0":{"name":"(anonymous_0)","decl":{"start":{"line":6,"column":4},"end":{"line":6,"column":5}},"loc":{"start":{"line":6,"column":23},"end":{"line":49,"column":5}},"line":6},"1":{"name":"(anonymous_1)","decl":{"start":{"line":14,"column":29},"end":{"line":14,"column":30}},"loc":{"start":{"line":14,"column":64},"end":{"line":23,"column":9}},"line":14},"2":{"name":"(anonymous_2)","decl":{"start":{"line":28,"column":32},"end":{"line":28,"column":33}},"loc":{"start":{"line":28,"column":61},"end":{"line":32,"column":9}},"line":28},"3":{"name":"(anonymous_3)","decl":{"start":{"line":36,"column":16},"end":{"line":36,"column":17}},"loc":{"start":{"line":36,"column":58},"end":{"line":41,"column":9}},"line":36},"4":{"name":"(anonymous_4)","decl":{"start":{"line":42,"column":16},"end":{"line":42,"column":17}},"loc":{"start":{"line":42,"column":51},"end":{"line":46,"column":9}},"line":42}},"branchMap":{"0":{"loc":{"start":{"line":19,"column":12},"end":{"line":21,"column":13}},"type":"if","locations":[{"start":{"line":19,"column":12},"end":{"line":21,"column":13}},{"start":{},"end":{}}],"line":19},"1":{"loc":{"start":{"line":19,"column":16},"end":{"line":19,"column":67}},"type":"binary-expr","locations":[{"start":{"line":19,"column":16},"end":{"line":19,"column":28}},{"start":{"line":19,"column":32},"end":{"line":19,"column":67}}],"line":19}},"s":{"0":1,"1":1,"2":1,"3":9,"4":9,"5":9,"6":9,"7":9,"8":9,"9":9,"10":9,"11":4,"12":9,"13":9,"14":9,"15":9,"16":0,"17":9,"18":0,"19":0,"20":9,"21":0,"22":9,"23":1},"f":{"0":9,"1":9,"2":0,"3":0,"4":0},"b":{"0":[4,5],"1":[9,9]},"_coverageSchema":"1a1c01bbd47fc00a2c39e90264f33305004495a9","hash":"c7b6723f070e3bd78651f0997de0d5d1beb0a6fe"}
,"/home/nada/Documents/Web/TD2/course.rest/src/places/controller.js": {"path":"/home/nada/Documents/Web/TD2/course.rest/src/places/controller.js","statementMap":{"0":{"start":{"line":3,"column":4},"end":{"line":3,"column":21}},"1":{"start":{"line":6,"column":17},"end":{"line":6,"column":26}},"2":{"start":{"line":8,"column":4},"end":{"line":16,"column":7}},"3":{"start":{"line":9,"column":15},"end":{"line":9,"column":32}},"4":{"start":{"line":10,"column":20},"end":{"line":10,"column":48}},"5":{"start":{"line":11,"column":6},"end":{"line":14,"column":7}},"6":{"start":{"line":12,"column":8},"end":{"line":12,"column":41}},"7":{"start":{"line":13,"column":8},"end":{"line":13,"column":15}},"8":{"start":{"line":15,"column":6},"end":{"line":15,"column":59}},"9":{"start":{"line":18,"column":4},"end":{"line":30,"column":7}},"10":{"start":{"line":20,"column":20},"end":{"line":20,"column":47}},"11":{"start":{"line":21,"column":6},"end":{"line":21,"column":79}},"12":{"start":{"line":22,"column":6},"end":{"line":25,"column":7}},"13":{"start":{"line":23,"column":8},"end":{"line":23,"column":41}},"14":{"start":{"line":24,"column":8},"end":{"line":24,"column":15}},"15":{"start":{"line":26,"column":6},"end":{"line":28,"column":7}},"16":{"start":{"line":27,"column":8},"end":{"line":27,"column":61}},"17":{"start":{"line":32,"column":4},"end":{"line":65,"column":7}},"18":{"start":{"line":33,"column":21},"end":{"line":33,"column":33}},"19":{"start":{"line":34,"column":22},"end":{"line":34,"column":53}},"20":{"start":{"line":35,"column":21},"end":{"line":35,"column":44}},"21":{"start":{"line":36,"column":22},"end":{"line":36,"column":37}},"22":{"start":{"line":37,"column":19},"end":{"line":54,"column":7}},"23":{"start":{"line":55,"column":6},"end":{"line":55,"column":43}},"24":{"start":{"line":56,"column":29},"end":{"line":56,"column":65}},"25":{"start":{"line":57,"column":6},"end":{"line":60,"column":7}},"26":{"start":{"line":58,"column":8},"end":{"line":58,"column":36}},"27":{"start":{"line":59,"column":8},"end":{"line":59,"column":32}},"28":{"start":{"line":62,"column":17},"end":{"line":62,"column":52}},"29":{"start":{"line":63,"column":6},"end":{"line":63,"column":73}},"30":{"start":{"line":64,"column":6},"end":{"line":64,"column":34}},"31":{"start":{"line":68,"column":4},"end":{"line":78,"column":7}},"32":{"start":{"line":69,"column":17},"end":{"line":69,"column":34}},"33":{"start":{"line":71,"column":19},"end":{"line":71,"column":50}},"34":{"start":{"line":72,"column":6},"end":{"line":74,"column":7}},"35":{"start":{"line":73,"column":8},"end":{"line":73,"column":51}},"36":{"start":{"line":75,"column":6},"end":{"line":77,"column":7}},"37":{"start":{"line":76,"column":8},"end":{"line":76,"column":51}},"38":{"start":{"line":81,"column":0},"end":{"line":81,"column":24}}},"fnMap":{"0":{"name":"(anonymous_0)","decl":{"start":{"line":2,"column":2},"end":{"line":2,"column":3}},"loc":{"start":{"line":2,"column":20},"end":{"line":4,"column":3}},"line":2},"1":{"name":"(anonymous_1)","decl":{"start":{"line":5,"column":2},"end":{"line":5,"column":3}},"loc":{"start":{"line":5,"column":17},"end":{"line":79,"column":3}},"line":5},"2":{"name":"(anonymous_2)","decl":{"start":{"line":8,"column":31},"end":{"line":8,"column":32}},"loc":{"start":{"line":8,"column":60},"end":{"line":16,"column":5}},"line":8},"3":{"name":"(anonymous_3)","decl":{"start":{"line":18,"column":28},"end":{"line":18,"column":29}},"loc":{"start":{"line":18,"column":57},"end":{"line":30,"column":5}},"line":18},"4":{"name":"(anonymous_4)","decl":{"start":{"line":32,"column":29},"end":{"line":32,"column":30}},"loc":{"start":{"line":32,"column":58},"end":{"line":65,"column":5}},"line":32},"5":{"name":"(anonymous_5)","decl":{"start":{"line":68,"column":34},"end":{"line":68,"column":35}},"loc":{"start":{"line":68,"column":63},"end":{"line":78,"column":5}},"line":68}},"branchMap":{"0":{"loc":{"start":{"line":11,"column":6},"end":{"line":14,"column":7}},"type":"if","locations":[{"start":{"line":11,"column":6},"end":{"line":14,"column":7}},{"start":{},"end":{}}],"line":11},"1":{"loc":{"start":{"line":22,"column":6},"end":{"line":25,"column":7}},"type":"if","locations":[{"start":{"line":22,"column":6},"end":{"line":25,"column":7}},{"start":{},"end":{}}],"line":22},"2":{"loc":{"start":{"line":26,"column":6},"end":{"line":28,"column":7}},"type":"if","locations":[{"start":{"line":26,"column":6},"end":{"line":28,"column":7}},{"start":{},"end":{}}],"line":26},"3":{"loc":{"start":{"line":57,"column":6},"end":{"line":60,"column":7}},"type":"if","locations":[{"start":{"line":57,"column":6},"end":{"line":60,"column":7}},{"start":{},"end":{}}],"line":57},"4":{"loc":{"start":{"line":72,"column":6},"end":{"line":74,"column":7}},"type":"if","locations":[{"start":{"line":72,"column":6},"end":{"line":74,"column":7}},{"start":{},"end":{}}],"line":72},"5":{"loc":{"start":{"line":75,"column":6},"end":{"line":77,"column":7}},"type":"if","locations":[{"start":{"line":75,"column":6},"end":{"line":77,"column":7}},{"start":{},"end":{}}],"line":75}},"s":{"0":9,"1":9,"2":9,"3":2,"4":2,"5":2,"6":1,"7":1,"8":1,"9":9,"10":1,"11":1,"12":1,"13":1,"14":1,"15":0,"16":0,"17":9,"18":4,"19":4,"20":4,"21":4,"22":4,"23":4,"24":4,"25":4,"26":2,"27":2,"28":2,"29":2,"30":2,"31":9,"32":2,"33":2,"34":2,"35":1,"36":2,"37":1,"38":1},"f":{"0":9,"1":9,"2":2,"3":1,"4":4,"5":2},"b":{"0":[1,1],"1":[1,0],"2":[0,0],"3":[2,2],"4":[1,1],"5":[1,1]},"_coverageSchema":"1a1c01bbd47fc00a2c39e90264f33305004495a9","hash":"c90d709f502def95f38d915505f6309e95412f44"}
,"/home/nada/Documents/Web/TD2/course.rest/src/places/data.js": {"path":"/home/nada/Documents/Web/TD2/course.rest/src/places/data.js","statementMap":{"0":{"start":{"line":1,"column":10},"end":{"line":1,"column":27}},"1":{"start":{"line":2,"column":23},"end":{"line":2,"column":38}},"2":{"start":{"line":3,"column":17},"end":{"line":3,"column":39}},"3":{"start":{"line":5,"column":22},"end":{"line":5,"column":43}},"4":{"start":{"line":7,"column":18},"end":{"line":8,"column":79}},"5":{"start":{"line":8,"column":4},"end":{"line":8,"column":79}},"6":{"start":{"line":8,"column":27},"end":{"line":8,"column":78}},"7":{"start":{"line":11,"column":2},"end":{"line":11,"column":39}},"8":{"start":{"line":15,"column":2},"end":{"line":15,"column":29}},"9":{"start":{"line":16,"column":2},"end":{"line":16,"column":21}},"10":{"start":{"line":21,"column":4},"end":{"line":21,"column":31}},"11":{"start":{"line":25,"column":17},"end":{"line":25,"column":45}},"12":{"start":{"line":26,"column":4},"end":{"line":26,"column":36}},"13":{"start":{"line":30,"column":18},"end":{"line":30,"column":46}},"14":{"start":{"line":31,"column":19},"end":{"line":31,"column":30}},"15":{"start":{"line":32,"column":16},"end":{"line":34,"column":6}},"16":{"start":{"line":35,"column":4},"end":{"line":35,"column":30}},"17":{"start":{"line":39,"column":17},"end":{"line":39,"column":45}},"18":{"start":{"line":40,"column":19},"end":{"line":40,"column":30}},"19":{"start":{"line":42,"column":4},"end":{"line":55,"column":5}},"20":{"start":{"line":44,"column":6},"end":{"line":44,"column":20}},"21":{"start":{"line":45,"column":21},"end":{"line":45,"column":39}},"22":{"start":{"line":46,"column":6},"end":{"line":46,"column":23}},"23":{"start":{"line":47,"column":6},"end":{"line":47,"column":28}},"24":{"start":{"line":50,"column":6},"end":{"line":50,"column":20}},"25":{"start":{"line":51,"column":6},"end":{"line":53,"column":9}},"26":{"start":{"line":54,"column":6},"end":{"line":54,"column":38}},"27":{"start":{"line":56,"column":4},"end":{"line":56,"column":40}},"28":{"start":{"line":57,"column":4},"end":{"line":57,"column":14}},"29":{"start":{"line":61,"column":17},"end":{"line":61,"column":46}},"30":{"start":{"line":62,"column":19},"end":{"line":62,"column":30}},"31":{"start":{"line":63,"column":18},"end":{"line":65,"column":8}},"32":{"start":{"line":66,"column":6},"end":{"line":71,"column":7}},"33":{"start":{"line":67,"column":20},"end":{"line":67,"column":41}},"34":{"start":{"line":68,"column":8},"end":{"line":68,"column":32}},"35":{"start":{"line":70,"column":8},"end":{"line":70,"column":21}},"36":{"start":{"line":72,"column":6},"end":{"line":77,"column":8}},"37":{"start":{"line":78,"column":8},"end":{"line":78,"column":20}},"38":{"start":{"line":82,"column":0},"end":{"line":82,"column":22}}},"fnMap":{"0":{"name":"(anonymous_0)","decl":{"start":{"line":7,"column":18},"end":{"line":7,"column":19}},"loc":{"start":{"line":8,"column":4},"end":{"line":8,"column":79}},"line":8},"1":{"name":"(anonymous_1)","decl":{"start":{"line":8,"column":16},"end":{"line":8,"column":17}},"loc":{"start":{"line":8,"column":27},"end":{"line":8,"column":78}},"line":8},"2":{"name":"_loadAsync","decl":{"start":{"line":10,"column":9},"end":{"line":10,"column":19}},"loc":{"start":{"line":10,"column":27},"end":{"line":12,"column":1}},"line":10},"3":{"name":"_saveAsync","decl":{"start":{"line":14,"column":9},"end":{"line":14,"column":19}},"loc":{"start":{"line":14,"column":33},"end":{"line":17,"column":1}},"line":14},"4":{"name":"(anonymous_4)","decl":{"start":{"line":20,"column":2},"end":{"line":20,"column":3}},"loc":{"start":{"line":20,"column":16},"end":{"line":22,"column":3}},"line":20},"5":{"name":"(anonymous_5)","decl":{"start":{"line":24,"column":2},"end":{"line":24,"column":3}},"loc":{"start":{"line":24,"column":25},"end":{"line":27,"column":3}},"line":24},"6":{"name":"(anonymous_6)","decl":{"start":{"line":29,"column":2},"end":{"line":29,"column":3}},"loc":{"start":{"line":29,"column":26},"end":{"line":36,"column":3}},"line":29},"7":{"name":"(anonymous_7)","decl":{"start":{"line":38,"column":2},"end":{"line":38,"column":3}},"loc":{"start":{"line":38,"column":30},"end":{"line":58,"column":3}},"line":38},"8":{"name":"(anonymous_8)","decl":{"start":{"line":60,"column":2},"end":{"line":60,"column":3}},"loc":{"start":{"line":60,"column":29},"end":{"line":79,"column":3}},"line":60}},"branchMap":{"0":{"loc":{"start":{"line":42,"column":4},"end":{"line":55,"column":5}},"type":"if","locations":[{"start":{"line":42,"column":4},"end":{"line":55,"column":5}},{"start":{"line":48,"column":11},"end":{"line":55,"column":5}}],"line":42},"1":{"loc":{"start":{"line":66,"column":6},"end":{"line":71,"column":7}},"type":"if","locations":[{"start":{"line":66,"column":6},"end":{"line":71,"column":7}},{"start":{"line":69,"column":13},"end":{"line":71,"column":7}}],"line":66}},"s":{"0":2,"1":2,"2":2,"3":2,"4":2,"5":19,"6":19,"7":13,"8":6,"9":6,"10":14,"11":2,"12":2,"13":3,"14":3,"15":3,"16":3,"17":4,"18":4,"19":4,"20":3,"21":3,"22":3,"23":3,"24":1,"25":1,"26":1,"27":4,"28":4,"29":4,"30":4,"31":4,"32":4,"33":2,"34":2,"35":2,"36":2,"37":2,"38":2},"f":{"0":19,"1":19,"2":13,"3":6,"4":14,"5":2,"6":3,"7":4,"8":4},"b":{"0":[3,1],"1":[2,2]},"_coverageSchema":"1a1c01bbd47fc00a2c39e90264f33305004495a9","hash":"c6219f1eb8ccc8ed2d7de1169c918c94647e21b7"}
}
