TN:
SF:src/app.js
FN:6,(anonymous_0)
FN:14,(anonymous_1)
FN:28,(anonymous_2)
FN:36,(anonymous_3)
FN:42,(anonymous_4)
FNF:5
FNH:2
FNDA:9,(anonymous_0)
FNDA:9,(anonymous_1)
FNDA:0,(anonymous_2)
FNDA:0,(anonymous_3)
FNDA:0,(anonymous_4)
DA:1,1
DA:2,1
DA:3,1
DA:7,9
DA:9,9
DA:12,9
DA:14,9
DA:15,9
DA:16,9
DA:18,9
DA:19,9
DA:20,4
DA:22,9
DA:24,9
DA:26,9
DA:28,9
DA:29,0
DA:36,9
DA:37,0
DA:38,0
DA:42,9
DA:43,0
DA:48,9
DA:52,1
LF:24
LH:20
BRDA:19,0,0,4
BRDA:19,0,1,5
BRDA:19,1,0,9
BRDA:19,1,1,9
BRF:4
BRH:4
end_of_record
TN:
SF:src/places/controller.js
FN:2,(anonymous_0)
FN:5,(anonymous_1)
FN:8,(anonymous_2)
FN:18,(anonymous_3)
FN:32,(anonymous_4)
FN:68,(anonymous_5)
FNF:6
FNH:6
FNDA:9,(anonymous_0)
FNDA:9,(anonymous_1)
FNDA:2,(anonymous_2)
FNDA:1,(anonymous_3)
FNDA:4,(anonymous_4)
FNDA:2,(anonymous_5)
DA:3,9
DA:6,9
DA:8,9
DA:9,2
DA:10,2
DA:11,2
DA:12,1
DA:13,1
DA:15,1
DA:18,9
DA:20,1
DA:21,1
DA:22,1
DA:23,1
DA:24,1
DA:26,0
DA:27,0
DA:32,9
DA:33,4
DA:34,4
DA:35,4
DA:36,4
DA:37,4
DA:55,4
DA:56,4
DA:57,4
DA:58,2
DA:59,2
DA:62,2
DA:63,2
DA:64,2
DA:68,9
DA:69,2
DA:71,2
DA:72,2
DA:73,1
DA:75,2
DA:76,1
DA:81,1
LF:39
LH:37
BRDA:11,0,0,1
BRDA:11,0,1,1
BRDA:22,1,0,1
BRDA:22,1,1,0
BRDA:26,2,0,0
BRDA:26,2,1,0
BRDA:57,3,0,2
BRDA:57,3,1,2
BRDA:72,4,0,1
BRDA:72,4,1,1
BRDA:75,5,0,1
BRDA:75,5,1,1
BRF:12
BRH:9
end_of_record
TN:
SF:src/places/data.js
FN:7,(anonymous_0)
FN:8,(anonymous_1)
FN:10,_loadAsync
FN:14,_saveAsync
FN:20,(anonymous_4)
FN:24,(anonymous_5)
FN:29,(anonymous_6)
FN:38,(anonymous_7)
FN:60,(anonymous_8)
FNF:9
FNH:9
FNDA:19,(anonymous_0)
FNDA:19,(anonymous_1)
FNDA:13,_loadAsync
FNDA:6,_saveAsync
FNDA:14,(anonymous_4)
FNDA:2,(anonymous_5)
FNDA:3,(anonymous_6)
FNDA:4,(anonymous_7)
FNDA:4,(anonymous_8)
DA:1,2
DA:2,2
DA:3,2
DA:5,2
DA:7,2
DA:8,19
DA:11,13
DA:15,6
DA:16,6
DA:21,14
DA:25,2
DA:26,2
DA:30,3
DA:31,3
DA:32,3
DA:35,3
DA:39,4
DA:40,4
DA:42,4
DA:44,3
DA:45,3
DA:46,3
DA:47,3
DA:50,1
DA:51,1
DA:54,1
DA:56,4
DA:57,4
DA:61,4
DA:62,4
DA:63,4
DA:66,4
DA:67,2
DA:68,2
DA:70,2
DA:72,2
DA:78,2
DA:82,2
LF:38
LH:38
BRDA:42,0,0,3
BRDA:42,0,1,1
BRDA:66,1,0,2
BRDA:66,1,1,2
BRF:4
BRH:4
end_of_record
